2018-01-16T18:59:37.199Z - info: [DeclarationIndexMapper] rebuilt index for workspace "public" {"durationMs":280}
2018-01-16T19:23:00.286Z - info: [DeclarationIndexMapper] rebuilt index for workspace "public" {"durationMs":589}
2018-01-16T19:23:02.245Z - info: [DeclarationIndexMapper] rebuilt index for workspace "public" {"durationMs":1437}
2018-01-16T19:23:02.939Z - info: [DeclarationIndexMapper] rebuilt index for workspace "public" {"durationMs":193}
2018-01-16T19:31:56.942Z - info: [CodeActionCreator] calculated diagnostics {"durationMs":1}
2018-01-16T19:31:57.531Z - info: [CodeActionCreator] calculated diagnostics
2018-01-16T19:31:57.780Z - info: [CodeActionCreator] calculated diagnostics
2018-01-16T19:31:58.389Z - info: [CodeActionCreator] calculated diagnostics
2018-01-16T19:32:00.239Z - info: [CodeActionCreator] calculated diagnostics
2018-01-16T19:32:27.705Z - info: [CodeActionCreator] calculated diagnostics
2018-01-16T19:32:31.724Z - info: [CodeActionCreator] calculated diagnostics
2018-01-16T19:32:32.781Z - info: [CodeActionCreator] calculated diagnostics
2018-01-16T19:32:34.194Z - info: [CodeActionCreator] calculated diagnostics
2018-01-16T19:32:34.788Z - info: [CodeActionCreator] calculated diagnostics {"durationMs":1}
2018-01-16T19:32:35.084Z - info: [CodeActionCreator] calculated diagnostics
2018-01-16T19:32:35.435Z - info: [CodeActionCreator] calculated diagnostics
2018-01-16T19:32:36.406Z - info: [CodeActionCreator] calculated diagnostics
2018-01-16T19:32:44.063Z - info: [CodeActionCreator] calculated diagnostics
2018-01-16T19:32:45.957Z - info: [CodeActionCreator] calculated diagnostics
2018-01-16T19:32:46.230Z - info: [CodeActionCreator] calculated diagnostics
2018-01-16T19:32:46.233Z - info: [CodeActionCreator] calculated diagnostics
2018-01-16T19:32:46.411Z - info: [CodeActionCreator] calculated diagnostics
2018-01-16T19:32:48.894Z - info: [CodeActionCreator] calculated diagnostics
2018-01-16T19:32:49.132Z - info: [CodeActionCreator] calculated diagnostics
2018-01-16T19:32:49.199Z - info: [CodeActionCreator] calculated diagnostics
2018-01-16T19:32:49.507Z - info: [CodeActionCreator] calculated diagnostics
2018-01-16T19:32:51.080Z - info: [CodeActionCreator] calculated diagnostics
2018-01-16T19:32:51.470Z - info: [CodeActionCreator] calculated diagnostics
2018-01-16T19:32:51.675Z - info: [CodeActionCreator] calculated diagnostics
2018-01-16T19:32:51.727Z - info: [CodeActionCreator] calculated diagnostics
2018-01-16T19:32:52.013Z - info: [CodeActionCreator] calculated diagnostics
2018-01-16T19:32:52.169Z - info: [CodeActionCreator] calculated diagnostics
2018-01-16T19:32:52.673Z - info: [DeclarationIndexMapper] rebuilt index for workspace "public" {"durationMs":368}
2018-01-16T19:33:16.254Z - info: [CodeActionCreator] calculated diagnostics
2018-01-16T19:52:58.751Z - info: [CodeActionCreator] calculated diagnostics {"durationMs":6}
2018-01-16T19:53:00.677Z - info: [CodeActionCreator] calculated diagnostics
2018-01-16T19:53:16.108Z - info: [CodeActionCreator] calculated diagnostics
2018-01-16T19:53:23.203Z - info: [CodeActionCreator] calculated diagnostics
2018-01-16T19:53:23.950Z - info: [CodeActionCreator] calculated diagnostics
2018-01-16T19:53:43.134Z - info: [CodeActionCreator] calculated diagnostics
2018-01-16T19:53:43.385Z - info: [CodeActionCreator] calculated diagnostics
2018-01-16T19:53:43.409Z - info: [CodeActionCreator] calculated diagnostics
2018-01-16T19:53:46.733Z - info: [CodeActionCreator] calculated diagnostics {"durationMs":1}
2018-01-16T19:53:50.930Z - info: [CodeActionCreator] calculated diagnostics
2018-01-16T19:54:48.198Z - info: [CodeActionCreator] calculated diagnostics
2018-01-16T19:54:48.443Z - info: [CodeActionCreator] calculated diagnostics
2018-01-16T19:54:50.041Z - info: [CodeActionCreator] calculated diagnostics
2018-01-16T19:56:42.146Z - info: [CodeActionCreator] calculated diagnostics
2018-01-16T19:56:43.775Z - info: [CodeActionCreator] calculated diagnostics
2018-01-16T19:56:44.106Z - info: [CodeActionCreator] calculated diagnostics
2018-01-16T19:56:47.674Z - info: [CodeActionCreator] calculated diagnostics
2018-01-16T19:56:47.945Z - info: [CodeActionCreator] calculated diagnostics
2018-01-16T19:56:47.946Z - info: [CodeActionCreator] calculated diagnostics
2018-01-16T19:56:48.211Z - info: [CodeActionCreator] calculated diagnostics
2018-01-16T19:56:49.439Z - info: [CodeActionCreator] calculated diagnostics
2018-01-16T19:56:50.143Z - info: [CodeActionCreator] calculated diagnostics
2018-01-16T19:56:50.510Z - info: [CodeActionCreator] calculated diagnostics
2018-01-16T19:56:50.845Z - info: [CodeActionCreator] calculated diagnostics
2018-01-16T19:56:51.313Z - info: [CodeActionCreator] calculated diagnostics
2018-01-16T19:56:51.362Z - info: [CodeActionCreator] calculated diagnostics
2018-01-16T19:56:51.706Z - info: [CodeActionCreator] calculated diagnostics
2018-01-16T19:56:51.932Z - info: [CodeActionCreator] calculated diagnostics
2018-01-16T19:56:52.070Z - info: [CodeActionCreator] calculated diagnostics
2018-01-16T19:56:53.919Z - info: [CodeActionCreator] calculated diagnostics
2018-01-16T19:56:54.188Z - info: [CodeActionCreator] calculated diagnostics
2018-01-16T19:56:54.206Z - info: [CodeActionCreator] calculated diagnostics
2018-01-16T19:56:57.567Z - info: [CodeActionCreator] calculated diagnostics
2018-01-16T19:57:04.222Z - info: [CodeActionCreator] calculated diagnostics
2018-01-16T19:57:04.572Z - info: [CodeActionCreator] calculated diagnostics
2018-01-16T19:57:06.067Z - info: [CodeActionCreator] calculated diagnostics
2018-01-16T19:57:06.448Z - info: [CodeActionCreator] calculated diagnostics
2018-01-16T19:57:06.803Z - info: [CodeActionCreator] calculated diagnostics
2018-01-16T19:57:07.211Z - info: [CodeActionCreator] calculated diagnostics
2018-01-16T19:57:38.235Z - info: [CodeActionCreator] calculated diagnostics
2018-01-16T19:57:41.483Z - info: [CodeActionCreator] calculated diagnostics
2018-01-16T19:57:42.593Z - info: [CodeActionCreator] calculated diagnostics {"durationMs":1}
2018-01-16T19:57:46.902Z - info: [CodeActionCreator] calculated diagnostics
2018-01-16T19:57:47.185Z - info: [CodeActionCreator] calculated diagnostics
2018-01-16T19:57:49.130Z - info: [CodeActionCreator] calculated diagnostics
2018-01-16T19:57:49.390Z - info: [CodeActionCreator] calculated diagnostics
2018-01-16T19:57:49.392Z - info: [CodeActionCreator] calculated diagnostics
2018-01-16T19:57:49.574Z - info: [CodeActionCreator] calculated diagnostics
2018-01-16T19:57:50.005Z - info: [CodeActionCreator] calculated diagnostics
2018-01-16T19:57:50.745Z - info: [CodeActionCreator] calculated diagnostics
2018-01-16T19:57:51.076Z - info: [CodeActionCreator] calculated diagnostics
2018-01-16T19:57:51.724Z - info: [CodeActionCreator] calculated diagnostics
2018-01-16T19:57:52.151Z - info: [CodeActionCreator] calculated diagnostics
2018-01-16T19:57:52.774Z - info: [CodeActionCreator] calculated diagnostics
2018-01-16T19:57:53.736Z - info: [CodeActionCreator] calculated diagnostics
2018-01-16T19:57:54.207Z - info: [CodeActionCreator] calculated diagnostics
2018-01-16T19:57:54.494Z - info: [CodeActionCreator] calculated diagnostics {"durationMs":1}
2018-01-16T19:57:56.391Z - info: [CodeActionCreator] calculated diagnostics
2018-01-16T19:57:56.651Z - info: [CodeActionCreator] calculated diagnostics
2018-01-16T19:57:56.840Z - info: [CodeActionCreator] calculated diagnostics
2018-01-16T19:57:57.374Z - info: [CodeActionCreator] calculated diagnostics
2018-01-16T19:57:59.409Z - info: [CodeActionCreator] calculated diagnostics
2018-01-16T19:57:59.629Z - info: [CodeActionCreator] calculated diagnostics
2018-01-16T19:57:59.847Z - info: [CodeActionCreator] calculated diagnostics
2018-01-16T19:58:00.418Z - info: [CodeActionCreator] calculated diagnostics
2018-01-16T19:58:03.112Z - info: [CodeActionCreator] calculated diagnostics
2018-01-16T19:58:03.405Z - info: [CodeActionCreator] calculated diagnostics
2018-01-16T19:58:03.592Z - info: [CodeActionCreator] calculated diagnostics
2018-01-16T19:58:03.947Z - info: [CodeActionCreator] calculated diagnostics
2018-01-16T19:58:04.653Z - info: [CodeActionCreator] calculated diagnostics
2018-01-16T19:58:04.688Z - info: [CodeActionCreator] calculated diagnostics
2018-01-16T19:58:04.875Z - info: [CodeActionCreator] calculated diagnostics
2018-01-16T19:58:05.070Z - info: [CodeActionCreator] calculated diagnostics
2018-01-16T19:58:05.398Z - info: [CodeActionCreator] calculated diagnostics
2018-01-16T19:58:30.289Z - info: [CodeActionCreator] calculated diagnostics
2018-01-16T19:58:31.124Z - info: [CodeActionCreator] calculated diagnostics
2018-01-16T19:58:31.531Z - info: [CodeActionCreator] calculated diagnostics
2018-01-16T19:58:31.887Z - info: [CodeActionCreator] calculated diagnostics
2018-01-16T19:58:32.230Z - info: [CodeActionCreator] calculated diagnostics
2018-01-16T19:58:32.362Z - info: [CodeActionCreator] calculated diagnostics
2018-01-16T19:58:32.515Z - info: [CodeActionCreator] calculated diagnostics
2018-01-16T19:58:32.537Z - info: [CodeActionCreator] calculated diagnostics
2018-01-16T19:58:32.899Z - info: [CodeActionCreator] calculated diagnostics
2018-01-16T19:58:33.405Z - info: [CodeActionCreator] calculated diagnostics
2018-01-16T19:58:33.423Z - info: [CodeActionCreator] calculated diagnostics
2018-01-16T19:58:33.790Z - info: [CodeActionCreator] calculated diagnostics
2018-01-16T19:58:34.219Z - info: [CodeActionCreator] calculated diagnostics {"durationMs":1}
2018-01-16T19:58:36.320Z - info: [CodeActionCreator] calculated diagnostics
2018-01-16T19:58:36.670Z - info: [CodeActionCreator] calculated diagnostics
2018-01-16T19:58:36.945Z - info: [CodeActionCreator] calculated diagnostics {"durationMs":1}
2018-01-16T19:58:37.005Z - info: [CodeActionCreator] calculated diagnostics
2018-01-16T19:58:37.355Z - info: [CodeActionCreator] calculated diagnostics
2018-01-16T19:58:37.657Z - info: [CodeActionCreator] calculated diagnostics {"durationMs":1}
2018-01-16T19:58:38.236Z - info: [CodeActionCreator] calculated diagnostics
2018-01-16T19:58:38.252Z - info: [CodeActionCreator] calculated diagnostics
2018-01-16T19:58:38.687Z - info: [CodeActionCreator] calculated diagnostics
2018-01-16T19:58:39.343Z - info: [CodeActionCreator] calculated diagnostics
2018-01-16T19:58:39.525Z - info: [CodeActionCreator] calculated diagnostics
2018-01-16T19:58:39.875Z - info: [CodeActionCreator] calculated diagnostics
2018-01-16T19:58:40.097Z - info: [CodeActionCreator] calculated diagnostics {"durationMs":1}
2018-01-16T19:58:40.670Z - info: [CodeActionCreator] calculated diagnostics
2018-01-16T19:58:40.786Z - info: [CodeActionCreator] calculated diagnostics
2018-01-16T19:58:41.600Z - info: [CodeActionCreator] calculated diagnostics {"durationMs":74}
2018-01-16T19:58:42.461Z - info: [CodeActionCreator] calculated diagnostics
2018-01-16T19:58:42.909Z - info: [CodeActionCreator] calculated diagnostics {"durationMs":36}
2018-01-16T19:58:43.318Z - info: [CodeActionCreator] calculated diagnostics {"durationMs":118}
2018-01-16T19:58:45.483Z - info: [CodeActionCreator] calculated diagnostics
2018-01-16T19:58:46.248Z - info: [CodeActionCreator] calculated diagnostics
2018-01-16T19:58:47.054Z - info: [CodeActionCreator] calculated diagnostics
2018-01-16T19:58:52.335Z - info: [CodeActionCreator] calculated diagnostics {"durationMs":1}
2018-01-16T19:58:56.957Z - info: [CodeActionCreator] calculated diagnostics
2018-01-16T19:58:57.118Z - info: [CodeActionCreator] calculated diagnostics
2018-01-16T19:58:57.477Z - info: [CodeActionCreator] calculated diagnostics
2018-01-16T19:58:57.904Z - info: [CodeActionCreator] calculated diagnostics
2018-01-16T19:58:58.330Z - info: [CodeActionCreator] calculated diagnostics
2018-01-16T19:58:58.629Z - info: [CodeActionCreator] calculated diagnostics
2018-01-16T19:59:00.126Z - info: [CodeActionCreator] calculated diagnostics
2018-01-16T19:59:01.527Z - info: [CodeActionCreator] calculated diagnostics
2018-01-16T19:59:01.713Z - info: [CodeActionCreator] calculated diagnostics
2018-01-16T19:59:01.890Z - info: [CodeActionCreator] calculated diagnostics
2018-01-16T19:59:02.153Z - info: [CodeActionCreator] calculated diagnostics
2018-01-16T19:59:02.371Z - info: [CodeActionCreator] calculated diagnostics
2018-01-16T19:59:02.585Z - info: [CodeActionCreator] calculated diagnostics
2018-01-16T19:59:02.665Z - info: [CodeActionCreator] calculated diagnostics
2018-01-16T19:59:03.020Z - info: [CodeActionCreator] calculated diagnostics
2018-01-16T19:59:03.036Z - info: [CodeActionCreator] calculated diagnostics
2018-01-16T19:59:03.330Z - info: [CodeActionCreator] calculated diagnostics
2018-01-16T19:59:03.660Z - info: [CodeActionCreator] calculated diagnostics
2018-01-16T19:59:03.967Z - info: [CodeActionCreator] calculated diagnostics
2018-01-16T19:59:05.844Z - info: [CodeActionCreator] calculated diagnostics
2018-01-16T19:59:05.903Z - info: [CodeActionCreator] calculated diagnostics
2018-01-16T19:59:06.351Z - info: [CodeActionCreator] calculated diagnostics
2018-01-16T19:59:06.959Z - info: [CodeActionCreator] calculated diagnostics
2018-01-16T19:59:07.854Z - info: [CodeActionCreator] calculated diagnostics
2018-01-16T19:59:08.103Z - info: [CodeActionCreator] calculated diagnostics
2018-01-16T19:59:08.199Z - info: [CodeActionCreator] calculated diagnostics
2018-01-16T19:59:08.617Z - info: [CodeActionCreator] calculated diagnostics
2018-01-16T19:59:08.632Z - info: [CodeActionCreator] calculated diagnostics
2018-01-16T19:59:08.945Z - info: [CodeActionCreator] calculated diagnostics
2018-01-16T19:59:09.316Z - info: [CodeActionCreator] calculated diagnostics {"durationMs":1}
2018-01-16T19:59:09.455Z - info: [CodeActionCreator] calculated diagnostics
2018-01-16T19:59:09.731Z - info: [CodeActionCreator] calculated diagnostics
2018-01-16T19:59:10.064Z - info: [CodeActionCreator] calculated diagnostics
2018-01-16T19:59:11.750Z - info: [CodeActionCreator] calculated diagnostics {"durationMs":112}
2018-01-16T19:59:12.753Z - info: [CodeActionCreator] calculated diagnostics
2018-01-16T19:59:13.400Z - info: [CodeActionCreator] calculated diagnostics
2018-01-16T19:59:14.610Z - info: [CodeActionCreator] calculated diagnostics
2018-01-16T19:59:14.714Z - info: [CodeActionCreator] calculated diagnostics
2018-01-16T19:59:15.150Z - info: [CodeActionCreator] calculated diagnostics
2018-01-16T19:59:15.209Z - info: [CodeActionCreator] calculated diagnostics
2018-01-16T19:59:15.468Z - info: [CodeActionCreator] calculated diagnostics
2018-01-16T19:59:15.530Z - info: [CodeActionCreator] calculated diagnostics
2018-01-16T19:59:15.614Z - info: [CodeActionCreator] calculated diagnostics
2018-01-16T19:59:15.966Z - info: [CodeActionCreator] calculated diagnostics
2018-01-16T19:59:16.037Z - info: [CodeActionCreator] calculated diagnostics {"durationMs":1}
2018-01-16T19:59:16.387Z - info: [CodeActionCreator] calculated diagnostics
2018-01-16T19:59:16.563Z - info: [CodeActionCreator] calculated diagnostics
2018-01-16T19:59:16.788Z - info: [CodeActionCreator] calculated diagnostics
2018-01-16T19:59:16.836Z - info: [CodeActionCreator] calculated diagnostics
2018-01-16T19:59:17.264Z - info: [CodeActionCreator] calculated diagnostics
2018-01-16T19:59:17.411Z - info: [CodeActionCreator] calculated diagnostics
2018-01-16T19:59:17.656Z - info: [CodeActionCreator] calculated diagnostics
2018-01-16T19:59:17.722Z - info: [CodeActionCreator] calculated diagnostics
2018-01-16T19:59:18.152Z - info: [CodeActionCreator] calculated diagnostics
2018-01-16T19:59:18.359Z - info: [CodeActionCreator] calculated diagnostics
2018-01-16T19:59:20.441Z - info: [CodeActionCreator] calculated diagnostics {"durationMs":66}
2018-01-16T19:59:21.255Z - info: [CodeActionCreator] calculated diagnostics {"durationMs":51}
2018-01-16T19:59:21.766Z - info: [CodeActionCreator] calculated diagnostics
2018-01-16T19:59:21.856Z - info: [CodeActionCreator] calculated diagnostics
2018-01-16T19:59:22.273Z - info: [CodeActionCreator] calculated diagnostics
2018-01-16T19:59:22.838Z - info: [CodeActionCreator] calculated diagnostics
2018-01-16T19:59:23.803Z - info: [CodeActionCreator] calculated diagnostics {"durationMs":42}
2018-01-16T19:59:26.209Z - info: [CodeActionCreator] calculated diagnostics {"durationMs":51}
2018-01-16T19:59:26.593Z - info: [CodeActionCreator] calculated diagnostics {"durationMs":126}
2018-01-16T19:59:26.639Z - info: [CodeActionCreator] calculated diagnostics {"durationMs":45}
2018-01-16T19:59:26.802Z - info: [CodeActionCreator] calculated diagnostics
2018-01-16T19:59:27.075Z - info: [CodeActionCreator] calculated diagnostics
2018-01-16T19:59:28.368Z - info: [CodeActionCreator] calculated diagnostics
2018-01-16T19:59:29.907Z - info: [CodeActionCreator] calculated diagnostics
2018-01-16T19:59:30.365Z - info: [CodeActionCreator] calculated diagnostics
2018-01-16T19:59:30.671Z - info: [CodeActionCreator] calculated diagnostics
2018-01-16T19:59:33.824Z - info: [CodeActionCreator] calculated diagnostics
2018-01-16T19:59:36.851Z - info: [CodeActionCreator] calculated diagnostics
2018-01-16T19:59:37.667Z - info: [CodeActionCreator] calculated diagnostics
2018-01-16T19:59:38.235Z - info: [CodeActionCreator] calculated diagnostics
2018-01-16T19:59:38.390Z - info: [CodeActionCreator] calculated diagnostics
2018-01-16T19:59:38.595Z - info: [CodeActionCreator] calculated diagnostics
2018-01-16T19:59:40.245Z - info: [CodeActionCreator] calculated diagnostics
2018-01-16T19:59:42.154Z - info: [DeclarationIndexMapper] rebuilt index for workspace "public" {"durationMs":516}
2018-01-16T19:59:42.331Z - info: [CodeActionCreator] calculated diagnostics
2018-01-16T19:59:42.486Z - info: [CodeActionCreator] calculated diagnostics
2018-01-16T19:59:42.991Z - info: [CodeActionCreator] calculated diagnostics
2018-01-16T19:59:43.245Z - info: [CodeActionCreator] calculated diagnostics
2018-01-16T19:59:44.407Z - info: [CodeActionCreator] calculated diagnostics
2018-01-16T19:59:45.076Z - info: [CodeActionCreator] calculated diagnostics
2018-01-16T19:59:45.326Z - info: [CodeActionCreator] calculated diagnostics
2018-01-16T19:59:47.086Z - info: [CodeActionCreator] calculated diagnostics
2018-01-16T19:59:50.035Z - info: [CodeActionCreator] calculated diagnostics
2018-01-16T19:59:51.175Z - info: [CodeActionCreator] calculated diagnostics
2018-01-16T19:59:56.487Z - info: [CodeActionCreator] calculated diagnostics
2018-01-16T19:59:57.799Z - info: [CodeActionCreator] calculated diagnostics
2018-01-16T19:59:58.993Z - info: [CodeActionCreator] calculated diagnostics
2018-01-16T20:00:00.469Z - info: [CodeActionCreator] calculated diagnostics {"durationMs":1}
2018-01-16T20:00:00.697Z - info: [CodeActionCreator] calculated diagnostics
2018-01-16T20:00:01.377Z - info: [CodeActionCreator] calculated diagnostics
2018-01-16T20:00:03.003Z - info: [CodeActionCreator] calculated diagnostics
2018-01-16T20:00:06.458Z - info: [CodeActionCreator] calculated diagnostics
2018-01-16T20:00:09.958Z - info: [CodeActionCreator] calculated diagnostics
2018-01-16T20:00:13.006Z - info: [CodeCompletionExtension] calculated code completions {"durationMs":309}
2018-01-16T20:00:13.030Z - info: [CodeActionCreator] calculated diagnostics
2018-01-16T20:00:13.031Z - info: [CodeActionCreator] calculated diagnostics
2018-01-16T20:00:13.255Z - info: [DeclarationIndexMapper] rebuilt index for workspace "public" {"durationMs":210}
2018-01-16T20:00:13.258Z - info: [CodeActionCreator] calculated diagnostics
2018-01-16T20:00:13.421Z - info: [CodeActionCreator] calculated diagnostics
2018-01-16T20:00:18.534Z - info: [CodeActionCreator] calculated diagnostics
2018-01-16T20:00:19.387Z - info: [CodeActionCreator] calculated diagnostics
2018-01-16T20:00:19.685Z - info: [CodeActionCreator] calculated diagnostics
2018-01-16T20:00:20.780Z - info: [DeclarationIndexMapper] rebuilt index for workspace "public" {"durationMs":156}
2018-01-16T20:00:22.647Z - info: [CodeActionCreator] calculated diagnostics
2018-01-16T20:00:22.916Z - info: [CodeActionCreator] calculated diagnostics
2018-01-16T20:02:34.566Z - info: [CodeActionCreator] calculated diagnostics
2018-01-16T20:02:37.410Z - info: [CodeActionCreator] calculated diagnostics
2018-01-16T20:02:38.779Z - info: [CodeActionCreator] calculated diagnostics
2018-01-16T20:02:39.138Z - info: [CodeActionCreator] calculated diagnostics {"durationMs":1}
2018-01-16T20:02:39.296Z - info: [CodeActionCreator] calculated diagnostics
2018-01-16T20:02:39.772Z - info: [CodeActionCreator] calculated diagnostics
2018-01-16T20:02:39.809Z - info: [CodeActionCreator] calculated diagnostics
2018-01-16T20:02:40.673Z - info: [CodeActionCreator] calculated diagnostics
2018-01-16T20:02:45.284Z - info: [CodeActionCreator] calculated diagnostics
2018-01-16T20:03:01.733Z - info: [CodeActionCreator] calculated diagnostics
2018-01-16T20:03:03.114Z - info: [CodeActionCreator] calculated diagnostics
2018-01-16T20:03:05.610Z - info: [CodeActionCreator] calculated diagnostics
2018-01-16T20:03:11.189Z - info: [CodeActionCreator] calculated diagnostics
2018-01-16T20:03:12.706Z - info: [CodeActionCreator] calculated diagnostics
2018-01-16T20:03:12.722Z - info: [CodeActionCreator] calculated diagnostics
2018-01-16T20:03:13.058Z - info: [CodeActionCreator] calculated diagnostics
2018-01-16T20:03:13.194Z - info: [CodeActionCreator] calculated diagnostics
2018-01-16T20:03:14.526Z - info: [CodeActionCreator] calculated diagnostics
2018-01-16T20:03:14.557Z - info: [CodeActionCreator] calculated diagnostics
2018-01-16T20:03:14.971Z - info: [CodeActionCreator] calculated diagnostics
2018-01-16T20:03:15.916Z - info: [CodeActionCreator] calculated diagnostics
2018-01-16T20:03:17.769Z - info: [CodeActionCreator] calculated diagnostics
2018-01-16T20:03:18.589Z - info: [CodeActionCreator] calculated diagnostics
2018-01-16T20:03:19.522Z - info: [CodeActionCreator] calculated diagnostics
2018-01-16T20:03:19.845Z - info: [CodeActionCreator] calculated diagnostics
2018-01-16T20:03:20.208Z - info: [CodeActionCreator] calculated diagnostics
2018-01-16T20:03:20.854Z - info: [CodeActionCreator] calculated diagnostics
2018-01-16T20:03:21.029Z - info: [CodeActionCreator] calculated diagnostics
2018-01-16T20:03:21.283Z - info: [CodeActionCreator] calculated diagnostics
2018-01-16T20:03:21.642Z - info: [CodeActionCreator] calculated diagnostics
2018-01-16T20:03:21.832Z - info: [CodeActionCreator] calculated diagnostics {"durationMs":1}
2018-01-16T20:03:23.480Z - info: [CodeActionCreator] calculated diagnostics
2018-01-16T20:03:24.010Z - info: [CodeActionCreator] calculated diagnostics
2018-01-16T20:03:24.376Z - info: [DeclarationIndexMapper] rebuilt index for workspace "public" {"durationMs":267}
2018-01-16T20:03:24.748Z - info: [CodeActionCreator] calculated diagnostics
2018-01-16T20:15:38.418Z - info: [CodeActionCreator] calculated diagnostics {"durationMs":1}
2018-01-16T20:15:38.636Z - info: [CodeActionCreator] calculated diagnostics
2018-01-16T20:15:38.884Z - info: [CodeActionCreator] calculated diagnostics
2018-01-16T20:15:41.067Z - info: [CodeActionCreator] calculated diagnostics
2018-01-16T20:15:42.488Z - info: [CodeActionCreator] calculated diagnostics
2018-01-16T20:15:44.086Z - info: [CodeActionCreator] calculated diagnostics
2018-01-16T20:15:44.393Z - info: [CodeActionCreator] calculated diagnostics
2018-01-16T20:15:46.334Z - info: [CodeActionCreator] calculated diagnostics
2018-01-16T20:15:48.073Z - info: [DeclarationIndexMapper] rebuilt index for workspace "public" {"durationMs":328}
2018-01-16T20:15:49.707Z - info: [CodeActionCreator] calculated diagnostics
2018-01-16T20:15:51.827Z - info: [CodeActionCreator] calculated diagnostics
2018-01-16T20:15:54.265Z - info: [CodeActionCreator] calculated diagnostics
2018-01-16T20:15:54.523Z - info: [CodeActionCreator] calculated diagnostics
2018-01-16T20:15:54.582Z - info: [CodeActionCreator] calculated diagnostics
2018-01-16T20:15:54.872Z - info: [CodeActionCreator] calculated diagnostics
2018-01-16T20:15:55.093Z - info: [CodeActionCreator] calculated diagnostics
2018-01-16T20:15:55.363Z - info: [CodeActionCreator] calculated diagnostics
2018-01-16T20:15:55.798Z - info: [CodeActionCreator] calculated diagnostics
2018-01-16T20:15:57.319Z - info: [CodeActionCreator] calculated diagnostics
2018-01-16T20:15:57.674Z - info: [CodeActionCreator] calculated diagnostics
2018-01-16T20:15:57.812Z - info: [CodeActionCreator] calculated diagnostics
2018-01-16T20:15:58.071Z - info: [CodeActionCreator] calculated diagnostics
2018-01-16T20:16:00.058Z - info: [CodeActionCreator] calculated diagnostics
2018-01-16T20:16:00.376Z - info: [CodeActionCreator] calculated diagnostics
2018-01-16T20:16:00.562Z - info: [CodeActionCreator] calculated diagnostics
2018-01-16T20:16:00.716Z - info: [CodeActionCreator] calculated diagnostics
2018-01-16T20:16:00.720Z - info: [CodeActionCreator] calculated diagnostics
2018-01-16T20:16:00.996Z - info: [CodeActionCreator] calculated diagnostics
2018-01-16T20:16:01.144Z - info: [CodeActionCreator] calculated diagnostics
2018-01-16T20:16:01.406Z - info: [CodeActionCreator] calculated diagnostics
2018-01-16T20:16:01.541Z - info: [CodeActionCreator] calculated diagnostics
2018-01-16T20:16:02.136Z - info: [CodeActionCreator] calculated diagnostics
2018-01-16T20:16:02.209Z - info: [CodeActionCreator] calculated diagnostics
2018-01-16T20:16:03.947Z - info: [DeclarationIndexMapper] rebuilt index for workspace "public" {"durationMs":189}
2018-01-16T20:16:55.628Z - info: [CodeActionCreator] calculated diagnostics
2018-01-16T20:16:56.584Z - info: [DeclarationIndexMapper] rebuilt index for workspace "public" {"durationMs":716}
2018-01-16T20:16:56.587Z - info: [CodeActionCreator] calculated diagnostics
2018-01-16T20:16:56.719Z - info: [CodeActionCreator] calculated diagnostics
2018-01-16T20:17:02.130Z - info: [CodeActionCreator] calculated diagnostics
2018-01-16T20:17:02.648Z - info: [DeclarationIndexMapper] rebuilt index for workspace "public" {"durationMs":330}
2018-01-16T20:17:02.779Z - info: [CodeActionCreator] calculated diagnostics
2018-01-16T20:17:02.991Z - info: [CodeActionCreator] calculated diagnostics
2018-01-16T20:18:10.887Z - info: [CodeActionCreator] calculated diagnostics
2018-01-16T20:18:13.454Z - info: [CodeActionCreator] calculated diagnostics
2018-01-16T20:18:15.924Z - info: [CodeActionCreator] calculated diagnostics
2018-01-16T20:18:20.860Z - info: [CodeActionCreator] calculated diagnostics
2018-01-16T20:18:23.461Z - info: [CodeActionCreator] calculated diagnostics
2018-01-16T20:18:25.873Z - info: [CodeActionCreator] calculated diagnostics
2018-01-16T20:18:29.294Z - info: [CodeActionCreator] calculated diagnostics
2018-01-16T20:18:31.747Z - info: [CodeActionCreator] calculated diagnostics
2018-01-16T20:18:34.223Z - info: [CodeActionCreator] calculated diagnostics
2018-01-16T20:18:35.958Z - info: [CodeActionCreator] calculated diagnostics
2018-01-16T20:18:38.383Z - info: [CodeActionCreator] calculated diagnostics
2018-01-16T20:18:41.756Z - info: [CodeActionCreator] calculated diagnostics
2018-01-16T20:18:43.504Z - info: [CodeActionCreator] calculated diagnostics
2018-01-16T20:18:45.940Z - info: [CodeActionCreator] calculated diagnostics
2018-01-16T20:18:48.463Z - info: [CodeActionCreator] calculated diagnostics
2018-01-16T20:19:06.693Z - info: [CodeActionCreator] calculated diagnostics
2018-01-16T20:22:05.920Z - info: [CodeActionCreator] calculated diagnostics
2018-01-16T20:22:06.800Z - info: [DeclarationIndexMapper] rebuilt index for workspace "public" {"durationMs":645}
2018-01-16T20:22:06.894Z - info: [CodeActionCreator] calculated diagnostics
2018-01-16T20:22:07.029Z - info: [CodeActionCreator] calculated diagnostics
2018-01-16T20:22:08.046Z - info: [CodeActionCreator] calculated diagnostics
2018-01-16T20:22:08.547Z - info: [DeclarationIndexMapper] rebuilt index for workspace "public" {"durationMs":277}
2018-01-16T20:22:08.550Z - info: [CodeActionCreator] calculated diagnostics
2018-01-16T20:22:08.683Z - info: [CodeActionCreator] calculated diagnostics
2018-01-16T20:22:08.874Z - info: [CodeActionCreator] calculated diagnostics
2018-01-16T20:23:42.296Z - info: [DeclarationIndexMapper] rebuilt index for workspace "public" {"durationMs":187}
2018-01-16T20:23:42.298Z - info: [CodeActionCreator] calculated diagnostics
2018-01-16T20:23:42.431Z - info: [CodeActionCreator] calculated diagnostics
2018-01-16T20:23:58.600Z - info: [CodeActionCreator] calculated diagnostics
2018-01-16T20:24:01.156Z - info: [CodeActionCreator] calculated diagnostics
2018-01-16T20:24:08.653Z - info: [CodeActionCreator] calculated diagnostics
2018-01-16T20:24:11.121Z - info: [CodeActionCreator] calculated diagnostics
2018-01-16T20:24:13.581Z - info: [CodeActionCreator] calculated diagnostics
2018-01-16T20:24:18.607Z - info: [CodeActionCreator] calculated diagnostics
2018-01-16T20:24:21.073Z - info: [CodeActionCreator] calculated diagnostics
2018-01-16T20:24:23.647Z - info: [CodeActionCreator] calculated diagnostics
2018-01-16T20:24:26.089Z - info: [CodeActionCreator] calculated diagnostics
2018-01-16T20:24:28.817Z - info: [CodeActionCreator] calculated diagnostics
2018-01-16T20:24:33.666Z - info: [CodeActionCreator] calculated diagnostics
2018-01-16T20:25:05.310Z - info: [DeclarationIndexMapper] rebuilt index for workspace "public" {"durationMs":190}
2018-01-16T20:25:05.311Z - info: [CodeActionCreator] calculated diagnostics
2018-01-16T20:25:05.445Z - info: [CodeActionCreator] calculated diagnostics
2018-01-16T20:25:11.608Z - info: [DeclarationIndexMapper] rebuilt index for workspace "public" {"durationMs":163}
2018-01-16T20:25:11.679Z - info: [CodeActionCreator] calculated diagnostics
2018-01-16T20:36:41.347Z - info: [DeclarationIndexMapper] initializing index mapper for 1 workspaces
2018-01-16T20:36:41.357Z - info: [DeclarationIndexMapper] initialized
2018-01-16T20:36:41.358Z - info: [ImportResolveExtension] initialized
2018-01-16T20:36:41.358Z - info: [CodeCompletionExtension] initialized
2018-01-16T20:36:41.359Z - info: [DocumentSymbolStructureExtension] initialized
2018-01-16T20:36:41.361Z - info: [CodeActionCreator] initialized
2018-01-16T20:36:41.361Z - info: [OrganizeImportsOnSaveExtension] initialized
2018-01-16T20:36:41.361Z - info: [TypeScriptHero] initialized
2018-01-16T20:36:49.575Z - info: [DeclarationIndexMapper] built index for workspace "veyo-facility-portal-frontend" {"durationMs":8228}
2018-01-16T20:41:51.656Z - info: [DeclarationIndexMapper] rebuilt index for workspace "public" {"durationMs":1016}
2018-01-16T20:41:53.001Z - info: [CodeActionCreator] calculated diagnostics
2018-01-16T20:41:55.464Z - info: [CodeActionCreator] calculated diagnostics
2018-01-16T20:41:55.603Z - info: [CodeActionCreator] calculated diagnostics
2018-01-16T20:41:58.091Z - info: [CodeActionCreator] calculated diagnostics
2018-01-16T20:41:58.250Z - info: [CodeActionCreator] calculated diagnostics
2018-01-16T20:42:14.220Z - info: [CodeActionCreator] calculated diagnostics
2018-01-16T20:42:16.736Z - info: [CodeActionCreator] calculated diagnostics
2018-01-16T20:43:11.428Z - info: [CodeActionCreator] calculated diagnostics
2018-01-16T20:43:12.251Z - info: [CodeActionCreator] calculated diagnostics
2018-01-16T20:43:31.798Z - info: [CodeActionCreator] calculated diagnostics
2018-01-16T20:43:36.576Z - info: [CodeActionCreator] calculated diagnostics
2018-01-16T20:43:36.877Z - info: [CodeActionCreator] calculated diagnostics
2018-01-16T20:43:36.878Z - info: [CodeActionCreator] calculated diagnostics
2018-01-16T20:43:55.641Z - info: [CodeActionCreator] calculated diagnostics
2018-01-16T20:43:55.890Z - info: [CodeActionCreator] calculated diagnostics
2018-01-16T20:43:55.987Z - info: [CodeActionCreator] calculated diagnostics
2018-01-16T20:43:56.145Z - info: [CodeActionCreator] calculated diagnostics
2018-01-16T20:43:56.344Z - info: [CodeActionCreator] calculated diagnostics
2018-01-16T20:43:57.762Z - info: [CodeActionCreator] calculated diagnostics
2018-01-16T20:44:05.011Z - info: [CodeActionCreator] calculated diagnostics
2018-01-16T20:44:10.240Z - info: [CodeActionCreator] calculated diagnostics
2018-01-16T20:44:10.505Z - info: [CodeActionCreator] calculated diagnostics
2018-01-16T20:44:11.788Z - info: [CodeActionCreator] calculated diagnostics
2018-01-16T20:44:13.992Z - info: [CodeActionCreator] calculated diagnostics
2018-01-16T20:44:14.422Z - info: [CodeActionCreator] calculated diagnostics
2018-01-16T20:44:15.033Z - info: [CodeActionCreator] calculated diagnostics
2018-01-16T20:44:15.286Z - info: [CodeActionCreator] calculated diagnostics
2018-01-16T20:44:16.904Z - info: [CodeActionCreator] calculated diagnostics
2018-01-16T20:44:17.225Z - info: [CodeActionCreator] calculated diagnostics
2018-01-16T20:44:17.465Z - info: [CodeActionCreator] calculated diagnostics
2018-01-16T20:44:17.747Z - info: [CodeActionCreator] calculated diagnostics
2018-01-16T20:44:18.996Z - info: [CodeActionCreator] calculated diagnostics
2018-01-16T20:44:19.196Z - info: [CodeActionCreator] calculated diagnostics
2018-01-16T20:44:20.533Z - info: [CodeActionCreator] calculated diagnostics
2018-01-16T20:44:21.897Z - info: [CodeActionCreator] calculated diagnostics
2018-01-16T20:44:22.070Z - info: [CodeActionCreator] calculated diagnostics
2018-01-16T20:44:22.627Z - info: [CodeActionCreator] calculated diagnostics
2018-01-16T20:44:22.844Z - info: [CodeActionCreator] calculated diagnostics
2018-01-16T20:44:22.987Z - info: [CodeActionCreator] calculated diagnostics
2018-01-16T20:44:24.057Z - info: [CodeActionCreator] calculated diagnostics
2018-01-16T20:44:24.852Z - info: [CodeActionCreator] calculated diagnostics
2018-01-16T20:44:39.242Z - info: [CodeActionCreator] calculated diagnostics
2018-01-16T20:44:39.486Z - info: [CodeActionCreator] calculated diagnostics
2018-01-16T20:44:42.510Z - info: [CodeActionCreator] calculated diagnostics
2018-01-16T20:44:42.786Z - info: [CodeActionCreator] calculated diagnostics
2018-01-16T20:44:44.138Z - info: [CodeActionCreator] calculated diagnostics
2018-01-16T20:44:44.397Z - info: [CodeActionCreator] calculated diagnostics
2018-01-16T20:44:44.450Z - info: [CodeActionCreator] calculated diagnostics
2018-01-16T20:44:44.744Z - info: [CodeActionCreator] calculated diagnostics
2018-01-16T20:44:50.486Z - info: [CodeActionCreator] calculated diagnostics
2018-01-16T20:45:01.644Z - info: [CodeActionCreator] calculated diagnostics
2018-01-16T20:45:01.851Z - info: [CodeActionCreator] calculated diagnostics
2018-01-16T20:45:01.920Z - info: [CodeActionCreator] calculated diagnostics
2018-01-16T20:45:02.427Z - info: [CodeActionCreator] calculated diagnostics
2018-01-16T20:45:03.052Z - info: [DeclarationIndexMapper] rebuilt index for workspace "public" {"durationMs":341}
2018-01-16T20:46:12.971Z - info: [CodeActionCreator] calculated diagnostics
2018-01-16T20:46:12.999Z - info: [CodeActionCreator] calculated diagnostics
2018-01-16T20:46:14.441Z - info: [DeclarationIndexMapper] rebuilt index for workspace "public" {"durationMs":1240}
2018-01-16T20:48:43.104Z - info: [CodeActionCreator] calculated diagnostics {"durationMs":1}
2018-01-16T20:48:45.716Z - info: [CodeActionCreator] calculated diagnostics
2018-01-16T20:48:45.984Z - info: [CodeActionCreator] calculated diagnostics
2018-01-16T20:48:46.326Z - info: [CodeActionCreator] calculated diagnostics
2018-01-16T20:48:46.833Z - info: [CodeActionCreator] calculated diagnostics
2018-01-16T20:48:50.591Z - info: [CodeActionCreator] calculated diagnostics
2018-01-16T20:48:52.402Z - info: [CodeActionCreator] calculated diagnostics
2018-01-16T20:48:53.326Z - info: [CodeActionCreator] calculated diagnostics
2018-01-16T20:48:53.834Z - info: [CodeActionCreator] calculated diagnostics {"durationMs":63}
2018-01-16T20:48:54.223Z - info: [CodeActionCreator] calculated diagnostics
2018-01-16T20:48:54.224Z - info: [CodeActionCreator] calculated diagnostics
2018-01-16T20:48:54.573Z - info: [CodeActionCreator] calculated diagnostics
2018-01-16T20:48:54.980Z - info: [CodeActionCreator] calculated diagnostics
2018-01-16T20:48:58.661Z - info: [CodeActionCreator] calculated diagnostics
2018-01-16T20:48:59.934Z - info: [CodeActionCreator] calculated diagnostics
2018-01-16T20:49:00.590Z - info: [CodeActionCreator] calculated diagnostics
2018-01-16T20:49:00.796Z - info: [CodeActionCreator] calculated diagnostics
2018-01-16T20:49:01.077Z - info: [CodeActionCreator] calculated diagnostics
2018-01-16T20:49:01.377Z - info: [CodeActionCreator] calculated diagnostics
2018-01-16T20:49:01.729Z - info: [CodeActionCreator] calculated diagnostics
2018-01-16T20:49:01.774Z - info: [CodeActionCreator] calculated diagnostics
2018-01-16T20:49:03.038Z - info: [CodeActionCreator] calculated diagnostics
2018-01-16T20:49:03.762Z - info: [CodeActionCreator] calculated diagnostics {"durationMs":1}
2018-01-16T20:49:05.290Z - info: [CodeActionCreator] calculated diagnostics
2018-01-16T20:49:05.318Z - info: [CodeActionCreator] calculated diagnostics
2018-01-16T20:49:06.319Z - info: [CodeActionCreator] calculated diagnostics
2018-01-16T20:49:07.053Z - info: [CodeActionCreator] calculated diagnostics
2018-01-16T20:49:07.424Z - info: [CodeActionCreator] calculated diagnostics
2018-01-16T20:49:07.769Z - info: [CodeActionCreator] calculated diagnostics
2018-01-16T20:49:07.936Z - info: [CodeActionCreator] calculated diagnostics
2018-01-16T20:49:08.112Z - info: [CodeActionCreator] calculated diagnostics
2018-01-16T20:49:09.310Z - info: [CodeActionCreator] calculated diagnostics
2018-01-16T20:49:09.825Z - info: [CodeActionCreator] calculated diagnostics {"durationMs":1}
2018-01-16T20:50:44.160Z - info: [CodeActionCreator] calculated diagnostics {"durationMs":1}
2018-01-16T20:50:59.914Z - info: [CodeActionCreator] calculated diagnostics
2018-01-16T20:51:01.175Z - info: [CodeActionCreator] calculated diagnostics
2018-01-16T20:51:01.427Z - info: [CodeActionCreator] calculated diagnostics
2018-01-16T20:51:01.630Z - info: [CodeActionCreator] calculated diagnostics
2018-01-16T20:51:01.938Z - info: [CodeActionCreator] calculated diagnostics
2018-01-16T20:51:02.639Z - info: [CodeActionCreator] calculated diagnostics
2018-01-16T20:51:12.257Z - info: [CodeActionCreator] calculated diagnostics
2018-01-16T20:51:12.551Z - info: [CodeActionCreator] calculated diagnostics
2018-01-16T20:51:25.352Z - info: [CodeActionCreator] calculated diagnostics
2018-01-16T20:51:52.922Z - info: [CodeActionCreator] calculated diagnostics
2018-01-16T20:52:05.649Z - info: [CodeActionCreator] calculated diagnostics
2018-01-16T20:52:10.019Z - info: [CodeActionCreator] calculated diagnostics
2018-01-16T20:52:15.084Z - info: [CodeActionCreator] calculated diagnostics
2018-01-16T20:52:16.581Z - info: [CodeActionCreator] calculated diagnostics
2018-01-16T20:52:17.029Z - info: [CodeActionCreator] calculated diagnostics
2018-01-16T20:52:17.864Z - info: [CodeActionCreator] calculated diagnostics
2018-01-16T20:52:18.021Z - info: [CodeActionCreator] calculated diagnostics
2018-01-16T20:52:18.062Z - info: [CodeActionCreator] calculated diagnostics
2018-01-16T20:52:18.370Z - info: [CodeActionCreator] calculated diagnostics
2018-01-16T20:52:18.781Z - info: [CodeActionCreator] calculated diagnostics
2018-01-16T20:52:19.155Z - info: [CodeActionCreator] calculated diagnostics
2018-01-16T20:52:42.488Z - info: [CodeActionCreator] calculated diagnostics
2018-01-16T20:52:42.764Z - info: [CodeActionCreator] calculated diagnostics
2018-01-16T20:52:43.968Z - info: [CodeActionCreator] calculated diagnostics
2018-01-16T20:52:44.280Z - info: [CodeActionCreator] calculated diagnostics {"durationMs":1}
2018-01-16T20:52:44.549Z - info: [CodeActionCreator] calculated diagnostics
2018-01-16T20:52:44.845Z - info: [CodeActionCreator] calculated diagnostics
2018-01-16T20:52:48.677Z - info: [CodeActionCreator] calculated diagnostics
2018-01-16T20:52:48.969Z - info: [CodeActionCreator] calculated diagnostics
2018-01-16T20:52:49.127Z - info: [CodeActionCreator] calculated diagnostics
2018-01-16T20:52:49.718Z - info: [CodeActionCreator] calculated diagnostics
2018-01-16T20:52:50.116Z - info: [CodeActionCreator] calculated diagnostics
2018-01-16T20:52:50.396Z - info: [CodeActionCreator] calculated diagnostics
2018-01-16T20:52:51.277Z - info: [CodeActionCreator] calculated diagnostics
2018-01-16T20:52:51.581Z - info: [CodeActionCreator] calculated diagnostics
2018-01-16T20:52:51.586Z - info: [CodeActionCreator] calculated diagnostics {"durationMs":1}
2018-01-16T20:52:52.155Z - info: [CodeActionCreator] calculated diagnostics
2018-01-16T20:52:52.729Z - info: [CodeActionCreator] calculated diagnostics
2018-01-16T20:52:54.624Z - info: [CodeActionCreator] calculated diagnostics
2018-01-16T20:52:54.626Z - info: [CodeActionCreator] calculated diagnostics
2018-01-16T20:52:55.058Z - info: [CodeActionCreator] calculated diagnostics
2018-01-16T20:52:55.396Z - info: [CodeActionCreator] calculated diagnostics
2018-01-16T20:52:55.419Z - info: [CodeActionCreator] calculated diagnostics
2018-01-16T20:52:55.762Z - info: [CodeActionCreator] calculated diagnostics
2018-01-16T20:52:55.948Z - info: [CodeActionCreator] calculated diagnostics
2018-01-16T20:52:56.081Z - info: [CodeActionCreator] calculated diagnostics
2018-01-16T20:52:56.206Z - info: [CodeActionCreator] calculated diagnostics
2018-01-16T20:52:56.256Z - info: [CodeActionCreator] calculated diagnostics
2018-01-16T20:52:56.609Z - info: [CodeActionCreator] calculated diagnostics
2018-01-16T20:52:57.188Z - info: [CodeActionCreator] calculated diagnostics
2018-01-16T20:52:57.192Z - info: [CodeActionCreator] calculated diagnostics
2018-01-16T20:52:57.463Z - info: [CodeActionCreator] calculated diagnostics
2018-01-16T20:52:58.767Z - info: [CodeActionCreator] calculated diagnostics
2018-01-16T20:52:59.026Z - info: [CodeActionCreator] calculated diagnostics
2018-01-16T20:52:59.725Z - info: [CodeActionCreator] calculated diagnostics
2018-01-16T20:53:01.915Z - info: [CodeActionCreator] calculated diagnostics
2018-01-16T20:53:02.241Z - info: [CodeActionCreator] calculated diagnostics
2018-01-16T20:53:03.059Z - info: [CodeActionCreator] calculated diagnostics
2018-01-16T20:53:03.527Z - info: [CodeActionCreator] calculated diagnostics {"durationMs":29}
2018-01-16T20:53:03.830Z - info: [CodeActionCreator] calculated diagnostics
2018-01-16T20:53:04.061Z - info: [CodeActionCreator] calculated diagnostics
2018-01-16T20:53:04.474Z - info: [CodeActionCreator] calculated diagnostics
2018-01-16T20:53:05.575Z - info: [CodeActionCreator] calculated diagnostics
2018-01-16T20:53:05.987Z - info: [CodeActionCreator] calculated diagnostics
2018-01-16T20:53:06.188Z - info: [CodeActionCreator] calculated diagnostics
2018-01-16T20:53:06.466Z - info: [CodeActionCreator] calculated diagnostics
2018-01-16T20:53:07.712Z - info: [CodeActionCreator] calculated diagnostics
2018-01-16T20:53:08.185Z - info: [CodeActionCreator] calculated diagnostics
2018-01-16T20:53:08.456Z - info: [CodeActionCreator] calculated diagnostics
2018-01-16T20:53:09.250Z - info: [CodeActionCreator] calculated diagnostics
2018-01-16T20:53:09.854Z - info: [CodeActionCreator] calculated diagnostics
2018-01-16T20:53:10.243Z - info: [CodeActionCreator] calculated diagnostics
2018-01-16T20:53:10.678Z - info: [CodeActionCreator] calculated diagnostics
2018-01-16T20:53:11.014Z - info: [CodeActionCreator] calculated diagnostics
2018-01-16T20:53:11.465Z - info: [CodeActionCreator] calculated diagnostics
2018-01-16T20:53:11.896Z - info: [CodeActionCreator] calculated diagnostics
2018-01-16T20:53:12.759Z - info: [DeclarationIndexMapper] rebuilt index for workspace "public" {"durationMs":769}
2018-01-16T20:53:13.044Z - info: [CodeActionCreator] calculated diagnostics
2018-01-16T20:54:31.556Z - info: [CodeActionCreator] calculated diagnostics
2018-01-16T20:54:31.761Z - info: [CodeActionCreator] calculated diagnostics
2018-01-16T20:54:32.027Z - info: [CodeActionCreator] calculated diagnostics
2018-01-16T20:54:33.320Z - info: [CodeActionCreator] calculated diagnostics
2018-01-16T20:54:40.445Z - info: [CodeActionCreator] calculated diagnostics
2018-01-16T20:54:40.731Z - info: [CodeActionCreator] calculated diagnostics
2018-01-16T20:54:59.943Z - info: [CodeActionCreator] calculated diagnostics
2018-01-16T20:55:00.709Z - info: [CodeActionCreator] calculated diagnostics
2018-01-16T20:55:01.006Z - info: [CodeActionCreator] calculated diagnostics
2018-01-16T20:55:31.981Z - info: [CodeActionCreator] calculated diagnostics
2018-01-16T20:55:32.269Z - info: [CodeActionCreator] calculated diagnostics
2018-01-16T20:55:45.573Z - info: [CodeActionCreator] calculated diagnostics
2018-01-16T20:55:50.647Z - info: [CodeActionCreator] calculated diagnostics
2018-01-16T20:56:01.646Z - info: [CodeActionCreator] calculated diagnostics
2018-01-16T20:56:01.886Z - info: [CodeActionCreator] calculated diagnostics
2018-01-16T20:56:03.065Z - info: [CodeActionCreator] calculated diagnostics
2018-01-16T20:56:03.334Z - info: [CodeActionCreator] calculated diagnostics
2018-01-16T20:56:05.762Z - info: [CodeActionCreator] calculated diagnostics
2018-01-16T20:56:07.647Z - info: [CodeActionCreator] calculated diagnostics
2018-01-16T20:56:08.484Z - info: [CodeActionCreator] calculated diagnostics
2018-01-16T20:56:08.743Z - info: [CodeActionCreator] calculated diagnostics
2018-01-16T20:56:08.802Z - info: [CodeActionCreator] calculated diagnostics
2018-01-16T20:56:09.088Z - info: [CodeActionCreator] calculated diagnostics
2018-01-16T20:56:09.486Z - info: [CodeActionCreator] calculated diagnostics
2018-01-16T20:56:09.806Z - info: [CodeActionCreator] calculated diagnostics
2018-01-16T20:56:10.242Z - info: [CodeActionCreator] calculated diagnostics
2018-01-16T20:56:10.370Z - info: [CodeActionCreator] calculated diagnostics
2018-01-16T20:56:10.706Z - info: [CodeActionCreator] calculated diagnostics
2018-01-16T20:56:10.808Z - info: [CodeActionCreator] calculated diagnostics
2018-01-16T20:56:11.199Z - info: [CodeActionCreator] calculated diagnostics
2018-01-16T20:56:11.594Z - info: [CodeActionCreator] calculated diagnostics
2018-01-16T20:56:11.990Z - info: [CodeActionCreator] calculated diagnostics
2018-01-16T20:56:12.094Z - info: [CodeActionCreator] calculated diagnostics
2018-01-16T20:56:12.400Z - info: [CodeActionCreator] calculated diagnostics
2018-01-16T20:56:12.421Z - info: [CodeActionCreator] calculated diagnostics
2018-01-16T20:56:12.720Z - info: [CodeActionCreator] calculated diagnostics
2018-01-16T20:56:13.162Z - info: [CodeActionCreator] calculated diagnostics
2018-01-16T20:56:15.924Z - info: [CodeActionCreator] calculated diagnostics
2018-01-16T20:56:22.580Z - info: [CodeActionCreator] calculated diagnostics
2018-01-16T20:56:23.588Z - info: [CodeActionCreator] calculated diagnostics
2018-01-16T20:56:23.937Z - info: [CodeActionCreator] calculated diagnostics {"durationMs":1}
2018-01-16T20:57:51.417Z - info: [CodeActionCreator] calculated diagnostics
2018-01-16T20:57:52.209Z - info: [CodeActionCreator] calculated diagnostics
2018-01-16T20:57:52.677Z - info: [CodeActionCreator] calculated diagnostics
2018-01-16T20:57:52.790Z - info: [CodeActionCreator] calculated diagnostics
2018-01-16T20:57:52.976Z - info: [CodeActionCreator] calculated diagnostics
2018-01-16T20:57:53.016Z - info: [CodeActionCreator] calculated diagnostics
2018-01-16T20:57:53.229Z - info: [CodeActionCreator] calculated diagnostics
2018-01-16T20:57:53.681Z - info: [CodeActionCreator] calculated diagnostics
2018-01-16T20:57:55.219Z - info: [CodeActionCreator] calculated diagnostics {"durationMs":1}
2018-01-16T20:57:55.534Z - info: [CodeActionCreator] calculated diagnostics
2018-01-16T20:57:55.959Z - info: [CodeActionCreator] calculated diagnostics
2018-01-16T20:57:58.237Z - info: [CodeActionCreator] calculated diagnostics
2018-01-16T20:57:58.574Z - info: [CodeActionCreator] calculated diagnostics
2018-01-16T20:57:58.964Z - info: [CodeActionCreator] calculated diagnostics
2018-01-16T20:57:59.734Z - info: [CodeActionCreator] calculated diagnostics
2018-01-16T20:57:59.967Z - info: [CodeActionCreator] calculated diagnostics
2018-01-16T20:58:07.033Z - info: [CodeActionCreator] calculated diagnostics
2018-01-16T20:58:12.771Z - info: [CodeActionCreator] calculated diagnostics
2018-01-16T20:58:15.860Z - info: [CodeActionCreator] calculated diagnostics
2018-01-16T20:58:16.652Z - info: [CodeActionCreator] calculated diagnostics
2018-01-16T20:58:21.650Z - info: [CodeActionCreator] calculated diagnostics
2018-01-16T20:58:21.893Z - info: [CodeActionCreator] calculated diagnostics
2018-01-16T20:58:27.620Z - info: [CodeActionCreator] calculated diagnostics
2018-01-16T20:58:27.853Z - info: [CodeActionCreator] calculated diagnostics
2018-01-16T20:58:29.569Z - info: [CodeActionCreator] calculated diagnostics
2018-01-16T20:58:29.833Z - info: [CodeActionCreator] calculated diagnostics
2018-01-16T20:58:30.023Z - info: [CodeActionCreator] calculated diagnostics {"durationMs":1}
2018-01-16T20:58:30.647Z - info: [CodeActionCreator] calculated diagnostics
2018-01-16T20:58:33.499Z - info: [CodeActionCreator] calculated diagnostics
2018-01-16T20:58:33.716Z - info: [CodeActionCreator] calculated diagnostics
2018-01-16T20:58:33.954Z - info: [CodeActionCreator] calculated diagnostics
2018-01-16T20:58:34.311Z - info: [CodeActionCreator] calculated diagnostics
2018-01-16T21:00:06.240Z - info: [CodeActionCreator] calculated diagnostics
2018-01-16T21:08:20.253Z - info: [CodeActionCreator] calculated diagnostics
2018-01-16T21:32:11.960Z - info: [CodeActionCreator] calculated diagnostics
2018-01-16T21:32:14.486Z - info: [CodeActionCreator] calculated diagnostics
2018-01-16T21:34:59.580Z - info: [ImportResolveExtension] disposed
2018-01-16T21:34:59.583Z - info: [CodeCompletionExtension] disposed
2018-01-16T21:34:59.583Z - info: [DocumentSymbolStructureExtension] disposed
2018-01-16T21:34:59.583Z - info: [CodeActionCreator] disposed
2018-01-16T21:34:59.583Z - info: [OrganizeImportsOnSaveExtension] disposed
2018-01-16T21:34:59.586Z - info: [TypeScriptHero] disposed
2018-01-16T21:35:04.974Z - info: [CodeActionCreator] calculated diagnostics
2018-01-16T21:35:06.156Z - info: [CodeActionCreator] calculated diagnostics
2018-01-16T21:35:16.099Z - info: [CodeActionCreator] calculated diagnostics
2018-01-16T21:35:16.586Z - info: [CodeActionCreator] calculated diagnostics
2018-01-16T21:35:21.330Z - info: [CodeActionCreator] calculated diagnostics
2018-01-16T21:35:22.626Z - info: [CodeActionCreator] calculated diagnostics
2018-01-16T21:35:22.946Z - info: [CodeActionCreator] calculated diagnostics
2018-01-16T21:35:23.645Z - info: [CodeActionCreator] calculated diagnostics {"durationMs":1}
2018-01-16T21:35:23.863Z - info: [CodeActionCreator] calculated diagnostics
2018-01-16T21:35:26.213Z - info: [CodeActionCreator] calculated diagnostics
2018-01-16T21:35:26.229Z - info: [CodeActionCreator] calculated diagnostics
2018-01-16T21:35:27.595Z - info: [CodeActionCreator] calculated diagnostics
2018-01-16T21:35:27.611Z - info: [CodeActionCreator] calculated diagnostics
2018-01-16T21:35:28.255Z - info: [CodeActionCreator] calculated diagnostics
2018-01-16T21:35:28.529Z - info: [CodeActionCreator] calculated diagnostics
2018-01-16T21:35:29.228Z - info: [CodeActionCreator] calculated diagnostics
2018-01-16T21:35:29.989Z - info: [CodeActionCreator] calculated diagnostics
2018-01-16T21:35:30.014Z - info: [CodeActionCreator] calculated diagnostics
2018-01-16T21:35:30.289Z - info: [CodeActionCreator] calculated diagnostics
2018-01-16T21:35:32.484Z - info: [CodeActionCreator] calculated diagnostics
2018-01-16T21:35:33.172Z - info: [CodeActionCreator] calculated diagnostics
2018-01-16T21:35:33.702Z - info: [CodeActionCreator] calculated diagnostics
2018-01-16T21:35:34.481Z - info: [CodeActionCreator] calculated diagnostics
2018-01-16T21:35:34.886Z - info: [CodeActionCreator] calculated diagnostics
2018-01-16T21:35:35.172Z - info: [CodeActionCreator] calculated diagnostics
2018-01-16T21:35:35.281Z - info: [CodeActionCreator] calculated diagnostics
2018-01-16T21:35:36.133Z - info: [CodeActionCreator] calculated diagnostics
2018-01-16T21:35:37.233Z - info: [CodeActionCreator] calculated diagnostics
2018-01-16T21:35:38.219Z - info: [CodeActionCreator] calculated diagnostics
2018-01-16T21:35:39.306Z - info: [ImportResolveExtension] disposed
2018-01-16T21:35:39.307Z - info: [CodeCompletionExtension] disposed
2018-01-16T21:35:39.307Z - info: [DocumentSymbolStructureExtension] disposed
2018-01-16T21:35:39.311Z - info: [CodeActionCreator] disposed
2018-01-16T21:35:39.317Z - info: [OrganizeImportsOnSaveExtension] disposed
2018-01-16T21:35:39.318Z - info: [TypeScriptHero] disposed
2018-01-16T21:46:13.222Z - info: [DeclarationIndexMapper] initializing index mapper for 1 workspaces
2018-01-16T21:46:13.227Z - info: [DeclarationIndexMapper] initialized
2018-01-16T21:46:13.229Z - info: [ImportResolveExtension] initialized
2018-01-16T21:46:13.229Z - info: [CodeCompletionExtension] initialized
2018-01-16T21:46:13.230Z - info: [DocumentSymbolStructureExtension] initialized
2018-01-16T21:46:13.230Z - info: [CodeActionCreator] initialized
2018-01-16T21:46:13.230Z - info: [OrganizeImportsOnSaveExtension] initialized
2018-01-16T21:46:13.230Z - info: [TypeScriptHero] initialized
2018-01-16T21:46:21.351Z - info: [DeclarationIndexMapper] built index for workspace "public" {"durationMs":8128}
2018-01-16T21:46:21.360Z - info: [CodeActionCreator] calculated diagnostics
2018-01-16T21:46:21.361Z - info: [CodeActionCreator] calculated diagnostics
2018-01-16T21:46:21.361Z - info: [CodeActionCreator] calculated diagnostics
2018-01-16T21:46:21.362Z - info: [CodeActionCreator] calculated diagnostics
2018-01-16T21:46:21.363Z - info: [CodeActionCreator] calculated diagnostics
2018-01-16T21:46:21.416Z - info: [CodeActionCreator] calculated diagnostics
2018-01-16T21:46:21.547Z - info: [CodeActionCreator] calculated diagnostics
2018-01-16T21:47:36.099Z - info: [CodeActionCreator] calculated diagnostics
2018-01-16T21:47:36.661Z - info: [CodeActionCreator] calculated diagnostics
2018-01-16T21:47:37.141Z - info: [CodeActionCreator] calculated diagnostics
2018-01-16T21:47:39.412Z - info: [CodeActionCreator] calculated diagnostics
2018-01-16T21:47:43.638Z - info: [CodeActionCreator] calculated diagnostics
2018-01-16T21:54:38.832Z - info: [CodeActionCreator] calculated diagnostics
2018-01-16T21:54:39.124Z - info: [CodeActionCreator] calculated diagnostics
2018-01-16T21:54:41.647Z - info: [CodeActionCreator] calculated diagnostics
2018-01-16T21:54:42.780Z - info: [CodeActionCreator] calculated diagnostics {"durationMs":1}
2018-01-16T21:54:51.928Z - info: [CodeActionCreator] calculated diagnostics
2018-01-16T21:54:52.785Z - info: [CodeActionCreator] calculated diagnostics
2018-01-16T21:54:53.951Z - info: [CodeActionCreator] calculated diagnostics
2018-01-16T21:54:57.438Z - info: [CodeActionCreator] calculated diagnostics {"durationMs":1}
2018-01-16T21:54:58.925Z - info: [CodeActionCreator] calculated diagnostics
2018-01-16T21:55:00.128Z - info: [CodeActionCreator] calculated diagnostics {"durationMs":6}
2018-01-16T21:55:02.011Z - info: [CodeActionCreator] calculated diagnostics
2018-01-16T21:55:05.639Z - info: [CodeActionCreator] calculated diagnostics
2018-01-16T21:55:07.581Z - info: [CodeActionCreator] calculated diagnostics
2018-01-16T21:55:07.631Z - info: [CodeActionCreator] calculated diagnostics
2018-01-16T21:55:09.543Z - info: [CodeActionCreator] calculated diagnostics
2018-01-16T21:55:18.019Z - info: [CodeActionCreator] calculated diagnostics
2018-01-16T21:57:11.705Z - info: [CodeActionCreator] calculated diagnostics
2018-01-16T21:57:12.086Z - info: [CodeActionCreator] calculated diagnostics
2018-01-16T21:57:13.324Z - info: [CodeActionCreator] calculated diagnostics
2018-01-16T21:57:16.249Z - info: [CodeActionCreator] calculated diagnostics
2018-01-16T21:57:29.419Z - info: [CodeActionCreator] calculated diagnostics
2018-01-16T22:00:26.800Z - info: [CodeActionCreator] calculated diagnostics
2018-01-16T22:00:40.183Z - info: [CodeActionCreator] calculated diagnostics
2018-01-16T22:00:41.411Z - info: [CodeActionCreator] calculated diagnostics
2018-01-16T22:00:42.620Z - info: [CodeActionCreator] calculated diagnostics
2018-01-16T22:00:43.267Z - info: [CodeActionCreator] calculated diagnostics
2018-01-16T22:00:45.739Z - info: [CodeActionCreator] calculated diagnostics
2018-01-16T22:00:46.067Z - info: [CodeActionCreator] calculated diagnostics
2018-01-16T22:00:47.461Z - info: [CodeActionCreator] calculated diagnostics {"durationMs":18}
2018-01-16T22:00:49.218Z - info: [CodeActionCreator] calculated diagnostics
2018-01-16T22:00:54.530Z - info: [CodeActionCreator] calculated diagnostics
2018-01-16T22:00:56.038Z - info: [CodeActionCreator] calculated diagnostics
2018-01-16T22:00:56.691Z - info: [CodeActionCreator] calculated diagnostics
2018-01-16T22:00:58.151Z - info: [CodeActionCreator] calculated diagnostics
2018-01-16T22:00:58.836Z - info: [CodeActionCreator] calculated diagnostics
2018-01-16T22:01:00.122Z - info: [CodeActionCreator] calculated diagnostics
2018-01-16T22:01:05.546Z - info: [CodeActionCreator] calculated diagnostics {"durationMs":1}
2018-01-16T22:01:23.653Z - info: [CodeActionCreator] calculated diagnostics
2018-01-16T22:01:25.552Z - info: [CodeActionCreator] calculated diagnostics {"durationMs":1}
2018-01-16T22:01:28.382Z - info: [ImportResolveExtension] disposed
2018-01-16T22:01:28.383Z - info: [CodeCompletionExtension] disposed
2018-01-16T22:01:28.384Z - info: [DocumentSymbolStructureExtension] disposed
2018-01-16T22:01:28.385Z - info: [CodeActionCreator] disposed
2018-01-16T22:01:28.385Z - info: [OrganizeImportsOnSaveExtension] disposed
2018-01-16T22:01:28.386Z - info: [TypeScriptHero] disposed
2018-01-16T22:31:57.347Z - info: [DeclarationIndexMapper] initializing index mapper for 1 workspaces
2018-01-16T22:31:57.427Z - info: [DeclarationIndexMapper] initialized
2018-01-16T22:31:57.451Z - info: [ImportResolveExtension] initialized
2018-01-16T22:31:57.453Z - info: [CodeCompletionExtension] initialized
2018-01-16T22:31:57.455Z - info: [DocumentSymbolStructureExtension] initialized
2018-01-16T22:31:57.476Z - info: [CodeActionCreator] initialized
2018-01-16T22:31:57.478Z - info: [OrganizeImportsOnSaveExtension] initialized
2018-01-16T22:31:57.478Z - info: [TypeScriptHero] initialized
2018-01-16T22:33:25.798Z - info: [DeclarationIndexMapper] built index for workspace "public" {"durationMs":88441}
2018-01-16T22:33:25.988Z - info: [ImportResolveExtension] disposed
2018-01-16T22:33:25.990Z - info: [CodeCompletionExtension] disposed
2018-01-16T22:33:25.991Z - info: [DocumentSymbolStructureExtension] disposed
2018-01-16T22:33:25.992Z - info: [CodeActionCreator] disposed
2018-01-16T22:33:25.993Z - info: [OrganizeImportsOnSaveExtension] disposed
2018-01-16T22:33:25.999Z - info: [TypeScriptHero] disposed
{"error":{"code":"EPIPE","errno":"EPIPE","syscall":"write"},"level":"error","message":"uncaughtException: write EPIPE\nError: write EPIPE\n\tat exports._errnoException (util.js:1050:11)\n\tat WriteWrap.afterWrite [as oncomplete] (net.js:813:14)","stack":"Error: write EPIPE\n\tat exports._errnoException (util.js:1050:11)\n\tat WriteWrap.afterWrite [as oncomplete] (net.js:813:14)","exception":true,"date":"Tue Jan 16 2018 14:33:26 GMT-0800 (PST)","process":{"pid":30017,"uid":1001,"gid":1001,"cwd":"/home/wreckgar/Sites/veyo/veyo-yoda/Veyo.Yoda.Web/public","execPath":"/usr/share/code/code","version":"v7.9.0","argv":["/usr/share/code/code","/usr/share/code/resources/app/out/bootstrap","--type=extensionHost"],"memoryUsage":{"rss":507092992,"heapTotal":458002432,"heapUsed":421293024,"external":227978}},"os":{"loadavg":[7.5048828125,4.81884765625,3.83349609375],"uptime":362163},"trace":[{"column":11,"file":"util.js","function":"exports._errnoException","line":1050,"method":"_errnoException","native":false},{"column":14,"file":"net.js","function":"WriteWrap.afterWrite [as oncomplete]","line":813,"method":"afterWrite [as oncomplete]","native":false}]}
2018-01-16T22:33:26.018Z - error: uncaughtException: write EPIPE
Error: write EPIPE
	at exports._errnoException (util.js:1050:11)
	at WriteWrap.afterWrite [as oncomplete] (net.js:813:14) {"error":{"code":"EPIPE","errno":"EPIPE","syscall":"write"},"stack":"Error: write EPIPE\n\tat exports._errnoException (util.js:1050:11)\n\tat WriteWrap.afterWrite [as oncomplete] (net.js:813:14)","exception":true,"date":"Tue Jan 16 2018 14:33:26 GMT-0800 (PST)","process":{"pid":30017,"uid":1001,"gid":1001,"cwd":"/home/wreckgar/Sites/veyo/veyo-yoda/Veyo.Yoda.Web/public","execPath":"/usr/share/code/code","version":"v7.9.0","argv":["/usr/share/code/code","/usr/share/code/resources/app/out/bootstrap","--type=extensionHost"],"memoryUsage":{"rss":507105280,"heapTotal":458002432,"heapUsed":421334288,"external":227978}},"os":{"loadavg":[7.5048828125,4.81884765625,3.83349609375],"uptime":362163},"trace":[{"column":11,"file":"util.js","function":"exports._errnoException","line":1050,"method":"_errnoException","native":false},{"column":14,"file":"net.js","function":"WriteWrap.afterWrite [as oncomplete]","line":813,"method":"afterWrite [as oncomplete]","native":false}]}
{"error":{"code":"EPIPE","errno":"EPIPE","syscall":"write"},"level":"error","message":"uncaughtException: write EPIPE\nError: write EPIPE\n\tat exports._errnoException (util.js:1050:11)\n\tat WriteWrap.afterWrite [as oncomplete] (net.js:813:14)","stack":"Error: write EPIPE\n\tat exports._errnoException (util.js:1050:11)\n\tat WriteWrap.afterWrite [as oncomplete] (net.js:813:14)","exception":true,"date":"Tue Jan 16 2018 14:33:26 GMT-0800 (PST)","process":{"pid":30017,"uid":1001,"gid":1001,"cwd":"/home/wreckgar/Sites/veyo/veyo-yoda/Veyo.Yoda.Web/public","execPath":"/usr/share/code/code","version":"v7.9.0","argv":["/usr/share/code/code","/usr/share/code/resources/app/out/bootstrap","--type=extensionHost"],"memoryUsage":{"rss":507142144,"heapTotal":458002432,"heapUsed":421764456,"external":230069}},"os":{"loadavg":[7.5048828125,4.81884765625,3.83349609375],"uptime":362163},"trace":[{"column":11,"file":"util.js","function":"exports._errnoException","line":1050,"method":"_errnoException","native":false},{"column":14,"file":"net.js","function":"WriteWrap.afterWrite [as oncomplete]","line":813,"method":"afterWrite [as oncomplete]","native":false}]}
2018-01-16T22:33:26.031Z - error: uncaughtException: write EPIPE
Error: write EPIPE
	at exports._errnoException (util.js:1050:11)
	at WriteWrap.afterWrite [as oncomplete] (net.js:813:14) {"error":{"code":"EPIPE","errno":"EPIPE","syscall":"write"},"stack":"Error: write EPIPE\n\tat exports._errnoException (util.js:1050:11)\n\tat WriteWrap.afterWrite [as oncomplete] (net.js:813:14)","exception":true,"date":"Tue Jan 16 2018 14:33:26 GMT-0800 (PST)","process":{"pid":30017,"uid":1001,"gid":1001,"cwd":"/home/wreckgar/Sites/veyo/veyo-yoda/Veyo.Yoda.Web/public","execPath":"/usr/share/code/code","version":"v7.9.0","argv":["/usr/share/code/code","/usr/share/code/resources/app/out/bootstrap","--type=extensionHost"],"memoryUsage":{"rss":507142144,"heapTotal":458002432,"heapUsed":421781344,"external":230069}},"os":{"loadavg":[7.5048828125,4.81884765625,3.83349609375],"uptime":362163},"trace":[{"column":11,"file":"util.js","function":"exports._errnoException","line":1050,"method":"_errnoException","native":false},{"column":14,"file":"net.js","function":"WriteWrap.afterWrite [as oncomplete]","line":813,"method":"afterWrite [as oncomplete]","native":false}]}
2018-01-16T23:11:43.979Z - info: [DeclarationIndexMapper] initializing index mapper for 1 workspaces
2018-01-16T23:11:43.982Z - info: [DeclarationIndexMapper] initialized
2018-01-16T23:11:43.984Z - info: [ImportResolveExtension] initialized
2018-01-16T23:11:43.984Z - info: [CodeCompletionExtension] initialized
2018-01-16T23:11:43.985Z - info: [DocumentSymbolStructureExtension] initialized
2018-01-16T23:11:43.986Z - info: [CodeActionCreator] initialized
2018-01-16T23:11:43.986Z - info: [OrganizeImportsOnSaveExtension] initialized
2018-01-16T23:11:43.986Z - info: [TypeScriptHero] initialized
2018-01-16T23:11:50.220Z - info: [DeclarationIndexMapper] built index for workspace "public" {"durationMs":6240}
2018-01-16T23:11:50.222Z - info: [CodeActionCreator] calculated diagnostics
2018-01-16T23:11:50.252Z - info: [CodeActionCreator] calculated diagnostics
2018-01-16T23:11:50.393Z - info: [CodeActionCreator] calculated diagnostics
2018-01-16T23:11:52.108Z - info: [CodeActionCreator] calculated diagnostics
2018-01-16T23:11:59.572Z - info: [CodeActionCreator] calculated diagnostics
2018-01-16T23:12:33.887Z - info: [CodeActionCreator] calculated diagnostics
2018-01-16T23:12:35.425Z - info: [ImportResolveExtension] disposed
2018-01-16T23:12:35.425Z - info: [CodeCompletionExtension] disposed
2018-01-16T23:12:35.425Z - info: [DocumentSymbolStructureExtension] disposed
2018-01-16T23:12:35.425Z - info: [CodeActionCreator] disposed
2018-01-16T23:12:35.425Z - info: [OrganizeImportsOnSaveExtension] disposed
2018-01-16T23:12:35.425Z - info: [TypeScriptHero] disposed
2018-01-16T23:13:24.439Z - info: [DeclarationIndexMapper] initializing index mapper for 1 workspaces
2018-01-16T23:13:24.446Z - info: [DeclarationIndexMapper] initialized
2018-01-16T23:13:24.448Z - info: [ImportResolveExtension] initialized
2018-01-16T23:13:24.448Z - info: [CodeCompletionExtension] initialized
2018-01-16T23:13:24.448Z - info: [DocumentSymbolStructureExtension] initialized
2018-01-16T23:13:24.448Z - info: [CodeActionCreator] initialized
2018-01-16T23:13:24.449Z - info: [OrganizeImportsOnSaveExtension] initialized
2018-01-16T23:13:24.449Z - info: [TypeScriptHero] initialized
2018-01-16T23:13:30.391Z - info: [DeclarationIndexMapper] built index for workspace "public" {"durationMs":5951}
